{"/var/lib/docker/projectshome/nlp.js/packages/builtin-compromise/src/builtin-compromise.js": {"path":"/var/lib/docker/projectshome/nlp.js/packages/builtin-compromise/src/builtin-compromise.js","statementMap":{"0":{"start":{"line":24,"column":39},"end":{"line":24,"column":61}},"1":{"start":{"line":27,"column":19},"end":{"line":27,"column":40}},"2":{"start":{"line":28,"column":26},"end":{"line":28,"column":55}},"3":{"start":{"line":29,"column":24},"end":{"line":29,"column":51}},"4":{"start":{"line":30,"column":10},"end":{"line":30,"column":98}},"5":{"start":{"line":31,"column":15},"end":{"line":31,"column":123}},"6":{"start":{"line":32,"column":17},"end":{"line":32,"column":133}},"7":{"start":{"line":33,"column":0},"end":{"line":33,"column":21}},"8":{"start":{"line":34,"column":0},"end":{"line":34,"column":23}},"9":{"start":{"line":37,"column":17},"end":{"line":59,"column":1}},"10":{"start":{"line":63,"column":4},"end":{"line":69,"column":6}},"11":{"start":{"line":70,"column":4},"end":{"line":70,"column":48}},"12":{"start":{"line":71,"column":4},"end":{"line":73,"column":5}},"13":{"start":{"line":72,"column":6},"end":{"line":72,"column":47}},"14":{"start":{"line":74,"column":4},"end":{"line":74,"column":27}},"15":{"start":{"line":75,"column":4},"end":{"line":78,"column":6}},"16":{"start":{"line":82,"column":4},"end":{"line":82,"column":71}},"17":{"start":{"line":88,"column":22},"end":{"line":88,"column":70}},"18":{"start":{"line":89,"column":6},"end":{"line":89,"column":35}},"19":{"start":{"line":93,"column":4},"end":{"line":192,"column":5}},"20":{"start":{"line":94,"column":20},"end":{"line":94,"column":22}},"21":{"start":{"line":95,"column":24},"end":{"line":95,"column":38}},"22":{"start":{"line":96,"column":26},"end":{"line":152,"column":7}},"23":{"start":{"line":105,"column":12},"end":{"line":105,"column":75}},"24":{"start":{"line":106,"column":12},"end":{"line":106,"column":26}},"25":{"start":{"line":112,"column":12},"end":{"line":112,"column":76}},"26":{"start":{"line":113,"column":12},"end":{"line":113,"column":26}},"27":{"start":{"line":119,"column":12},"end":{"line":120,"column":74}},"28":{"start":{"line":121,"column":12},"end":{"line":121,"column":26}},"29":{"start":{"line":127,"column":12},"end":{"line":127,"column":67}},"30":{"start":{"line":128,"column":12},"end":{"line":128,"column":26}},"31":{"start":{"line":135,"column":12},"end":{"line":148,"column":13}},"32":{"start":{"line":136,"column":14},"end":{"line":139,"column":16}},"33":{"start":{"line":140,"column":14},"end":{"line":140,"column":40}},"34":{"start":{"line":142,"column":14},"end":{"line":146,"column":16}},"35":{"start":{"line":147,"column":14},"end":{"line":147,"column":39}},"36":{"start":{"line":149,"column":12},"end":{"line":149,"column":26}},"37":{"start":{"line":154,"column":6},"end":{"line":187,"column":9}},"38":{"start":{"line":155,"column":26},"end":{"line":155,"column":78}},"39":{"start":{"line":157,"column":8},"end":{"line":185,"column":11}},"40":{"start":{"line":158,"column":10},"end":{"line":183,"column":11}},"41":{"start":{"line":159,"column":25},"end":{"line":159,"column":56}},"42":{"start":{"line":160,"column":25},"end":{"line":167,"column":13}},"43":{"start":{"line":168,"column":12},"end":{"line":172,"column":13}},"44":{"start":{"line":169,"column":14},"end":{"line":169,"column":57}},"45":{"start":{"line":171,"column":14},"end":{"line":171,"column":44}},"46":{"start":{"line":173,"column":12},"end":{"line":175,"column":14}},"47":{"start":{"line":176,"column":12},"end":{"line":181,"column":13}},"48":{"start":{"line":180,"column":14},"end":{"line":180,"column":67}},"49":{"start":{"line":182,"column":12},"end":{"line":182,"column":31}},"50":{"start":{"line":184,"column":10},"end":{"line":184,"column":22}},"51":{"start":{"line":186,"column":8},"end":{"line":186,"column":20}},"52":{"start":{"line":188,"column":6},"end":{"line":188,"column":23}},"53":{"start":{"line":190,"column":6},"end":{"line":190,"column":28}},"54":{"start":{"line":191,"column":6},"end":{"line":191,"column":27}},"55":{"start":{"line":196,"column":18},"end":{"line":196,"column":26}},"56":{"start":{"line":197,"column":21},"end":{"line":200,"column":5}},"57":{"start":{"line":201,"column":4},"end":{"line":203,"column":5}},"58":{"start":{"line":202,"column":6},"end":{"line":202,"column":23}},"59":{"start":{"line":204,"column":4},"end":{"line":206,"column":5}},"60":{"start":{"line":205,"column":6},"end":{"line":205,"column":32}},"61":{"start":{"line":207,"column":4},"end":{"line":211,"column":5}},"62":{"start":{"line":208,"column":6},"end":{"line":210,"column":7}},"63":{"start":{"line":208,"column":19},"end":{"line":208,"column":20}},"64":{"start":{"line":209,"column":8},"end":{"line":209,"column":44}},"65":{"start":{"line":212,"column":4},"end":{"line":216,"column":5}},"66":{"start":{"line":213,"column":6},"end":{"line":215,"column":7}},"67":{"start":{"line":213,"column":19},"end":{"line":213,"column":20}},"68":{"start":{"line":214,"column":8},"end":{"line":214,"column":54}},"69":{"start":{"line":217,"column":4},"end":{"line":217,"column":17}},"70":{"start":{"line":221,"column":18},"end":{"line":221,"column":26}},"71":{"start":{"line":222,"column":19},"end":{"line":222,"column":39}},"72":{"start":{"line":223,"column":22},"end":{"line":223,"column":77}},"73":{"start":{"line":224,"column":4},"end":{"line":224,"column":36}},"74":{"start":{"line":228,"column":19},"end":{"line":228,"column":35}},"75":{"start":{"line":229,"column":4},"end":{"line":231,"column":5}},"76":{"start":{"line":230,"column":6},"end":{"line":230,"column":20}},"77":{"start":{"line":232,"column":4},"end":{"line":232,"column":66}},"78":{"start":{"line":236,"column":0},"end":{"line":236,"column":34}}},"fnMap":{"0":{"name":"(anonymous_0)","decl":{"start":{"line":62,"column":2},"end":{"line":62,"column":3}},"loc":{"start":{"line":62,"column":59},"end":{"line":79,"column":3}},"line":62},"1":{"name":"(anonymous_1)","decl":{"start":{"line":81,"column":2},"end":{"line":81,"column":3}},"loc":{"start":{"line":81,"column":20},"end":{"line":83,"column":3}},"line":81},"2":{"name":"(anonymous_2)","decl":{"start":{"line":85,"column":2},"end":{"line":85,"column":3}},"loc":{"start":{"line":85,"column":39},"end":{"line":193,"column":3}},"line":85},"3":{"name":"getDomainFromUrl","decl":{"start":{"line":86,"column":13},"end":{"line":86,"column":29}},"loc":{"start":{"line":86,"column":35},"end":{"line":90,"column":5}},"line":86},"4":{"name":"(anonymous_4)","decl":{"start":{"line":104,"column":10},"end":{"line":104,"column":11}},"loc":{"start":{"line":104,"column":34},"end":{"line":107,"column":11}},"line":104},"5":{"name":"(anonymous_5)","decl":{"start":{"line":111,"column":10},"end":{"line":111,"column":11}},"loc":{"start":{"line":111,"column":34},"end":{"line":114,"column":11}},"line":111},"6":{"name":"(anonymous_6)","decl":{"start":{"line":118,"column":10},"end":{"line":118,"column":11}},"loc":{"start":{"line":118,"column":34},"end":{"line":122,"column":11}},"line":118},"7":{"name":"(anonymous_7)","decl":{"start":{"line":126,"column":10},"end":{"line":126,"column":11}},"loc":{"start":{"line":126,"column":34},"end":{"line":129,"column":11}},"line":126},"8":{"name":"(anonymous_8)","decl":{"start":{"line":133,"column":10},"end":{"line":133,"column":11}},"loc":{"start":{"line":133,"column":34},"end":{"line":150,"column":11}},"line":133},"9":{"name":"(anonymous_9)","decl":{"start":{"line":154,"column":35},"end":{"line":154,"column":36}},"loc":{"start":{"line":154,"column":60},"end":{"line":187,"column":7}},"line":154},"10":{"name":"(anonymous_10)","decl":{"start":{"line":157,"column":22},"end":{"line":157,"column":23}},"loc":{"start":{"line":157,"column":44},"end":{"line":185,"column":9}},"line":157},"11":{"name":"(anonymous_11)","decl":{"start":{"line":195,"column":2},"end":{"line":195,"column":3}},"loc":{"start":{"line":195,"column":26},"end":{"line":218,"column":3}},"line":195},"12":{"name":"(anonymous_12)","decl":{"start":{"line":220,"column":2},"end":{"line":220,"column":3}},"loc":{"start":{"line":220,"column":16},"end":{"line":225,"column":3}},"line":220},"13":{"name":"(anonymous_13)","decl":{"start":{"line":227,"column":2},"end":{"line":227,"column":3}},"loc":{"start":{"line":227,"column":28},"end":{"line":233,"column":3}},"line":227}},"branchMap":{"0":{"loc":{"start":{"line":30,"column":10},"end":{"line":30,"column":98}},"type":"cond-expr","locations":[{"start":{"line":30,"column":67},"end":{"line":30,"column":85}},{"start":{"line":30,"column":88},"end":{"line":30,"column":98}}],"line":30},"1":{"loc":{"start":{"line":30,"column":10},"end":{"line":30,"column":64}},"type":"binary-expr","locations":[{"start":{"line":30,"column":10},"end":{"line":30,"column":20}},{"start":{"line":30,"column":24},"end":{"line":30,"column":64}}],"line":30},"2":{"loc":{"start":{"line":31,"column":15},"end":{"line":31,"column":123}},"type":"cond-expr","locations":[{"start":{"line":31,"column":82},"end":{"line":31,"column":105}},{"start":{"line":31,"column":108},"end":{"line":31,"column":123}}],"line":31},"3":{"loc":{"start":{"line":31,"column":15},"end":{"line":31,"column":79}},"type":"binary-expr","locations":[{"start":{"line":31,"column":15},"end":{"line":31,"column":30}},{"start":{"line":31,"column":34},"end":{"line":31,"column":79}}],"line":31},"4":{"loc":{"start":{"line":32,"column":17},"end":{"line":32,"column":133}},"type":"cond-expr","locations":[{"start":{"line":32,"column":88},"end":{"line":32,"column":113}},{"start":{"line":32,"column":116},"end":{"line":32,"column":133}}],"line":32},"5":{"loc":{"start":{"line":32,"column":17},"end":{"line":32,"column":85}},"type":"binary-expr","locations":[{"start":{"line":32,"column":17},"end":{"line":32,"column":34}},{"start":{"line":32,"column":38},"end":{"line":32,"column":85}}],"line":32},"6":{"loc":{"start":{"line":62,"column":14},"end":{"line":62,"column":27}},"type":"default-arg","locations":[{"start":{"line":62,"column":25},"end":{"line":62,"column":27}}],"line":62},"7":{"loc":{"start":{"line":62,"column":29},"end":{"line":62,"column":57}},"type":"default-arg","locations":[{"start":{"line":62,"column":41},"end":{"line":62,"column":57}}],"line":62},"8":{"loc":{"start":{"line":66,"column":19},"end":{"line":66,"column":50}},"type":"binary-expr","locations":[{"start":{"line":66,"column":19},"end":{"line":66,"column":37}},{"start":{"line":66,"column":41},"end":{"line":66,"column":50}}],"line":66},"9":{"loc":{"start":{"line":71,"column":4},"end":{"line":73,"column":5}},"type":"if","locations":[{"start":{"line":71,"column":4},"end":{"line":73,"column":5}},{"start":{"line":71,"column":4},"end":{"line":73,"column":5}}],"line":71},"10":{"loc":{"start":{"line":89,"column":13},"end":{"line":89,"column":34}},"type":"binary-expr","locations":[{"start":{"line":89,"column":13},"end":{"line":89,"column":20}},{"start":{"line":89,"column":24},"end":{"line":89,"column":34}}],"line":89},"11":{"loc":{"start":{"line":120,"column":14},"end":{"line":120,"column":73}},"type":"cond-expr","locations":[{"start":{"line":120,"column":53},"end":{"line":120,"column":68}},{"start":{"line":120,"column":71},"end":{"line":120,"column":73}}],"line":120},"12":{"loc":{"start":{"line":120,"column":14},"end":{"line":120,"column":50}},"type":"binary-expr","locations":[{"start":{"line":120,"column":14},"end":{"line":120,"column":18}},{"start":{"line":120,"column":22},"end":{"line":120,"column":31}},{"start":{"line":120,"column":35},"end":{"line":120,"column":50}}],"line":120},"13":{"loc":{"start":{"line":135,"column":12},"end":{"line":148,"column":13}},"type":"if","locations":[{"start":{"line":135,"column":12},"end":{"line":148,"column":13}},{"start":{"line":135,"column":12},"end":{"line":148,"column":13}}],"line":135},"14":{"loc":{"start":{"line":145,"column":25},"end":{"line":145,"column":68}},"type":"cond-expr","locations":[{"start":{"line":145,"column":49},"end":{"line":145,"column":58}},{"start":{"line":145,"column":61},"end":{"line":145,"column":68}}],"line":145},"15":{"loc":{"start":{"line":158,"column":10},"end":{"line":183,"column":11}},"type":"if","locations":[{"start":{"line":158,"column":10},"end":{"line":183,"column":11}},{"start":{"line":158,"column":10},"end":{"line":183,"column":11}}],"line":158},"16":{"loc":{"start":{"line":158,"column":14},"end":{"line":158,"column":46}},"type":"binary-expr","locations":[{"start":{"line":158,"column":14},"end":{"line":158,"column":18}},{"start":{"line":158,"column":22},"end":{"line":158,"column":31}},{"start":{"line":158,"column":35},"end":{"line":158,"column":46}}],"line":158},"17":{"loc":{"start":{"line":168,"column":12},"end":{"line":172,"column":13}},"type":"if","locations":[{"start":{"line":168,"column":12},"end":{"line":172,"column":13}},{"start":{"line":168,"column":12},"end":{"line":172,"column":13}}],"line":168},"18":{"loc":{"start":{"line":176,"column":12},"end":{"line":181,"column":13}},"type":"if","locations":[{"start":{"line":176,"column":12},"end":{"line":181,"column":13}},{"start":{"line":176,"column":12},"end":{"line":181,"column":13}}],"line":176},"19":{"loc":{"start":{"line":177,"column":14},"end":{"line":178,"column":43}},"type":"binary-expr","locations":[{"start":{"line":177,"column":14},"end":{"line":177,"column":51}},{"start":{"line":178,"column":14},"end":{"line":178,"column":43}}],"line":177},"20":{"loc":{"start":{"line":198,"column":6},"end":{"line":198,"column":35}},"type":"binary-expr","locations":[{"start":{"line":198,"column":6},"end":{"line":198,"column":16}},{"start":{"line":198,"column":20},"end":{"line":198,"column":35}}],"line":198},"21":{"loc":{"start":{"line":201,"column":4},"end":{"line":203,"column":5}},"type":"if","locations":[{"start":{"line":201,"column":4},"end":{"line":203,"column":5}},{"start":{"line":201,"column":4},"end":{"line":203,"column":5}}],"line":201},"22":{"loc":{"start":{"line":204,"column":4},"end":{"line":206,"column":5}},"type":"if","locations":[{"start":{"line":204,"column":4},"end":{"line":206,"column":5}},{"start":{"line":204,"column":4},"end":{"line":206,"column":5}}],"line":204},"23":{"loc":{"start":{"line":207,"column":4},"end":{"line":211,"column":5}},"type":"if","locations":[{"start":{"line":207,"column":4},"end":{"line":211,"column":5}},{"start":{"line":207,"column":4},"end":{"line":211,"column":5}}],"line":207},"24":{"loc":{"start":{"line":212,"column":4},"end":{"line":216,"column":5}},"type":"if","locations":[{"start":{"line":212,"column":4},"end":{"line":216,"column":5}},{"start":{"line":212,"column":4},"end":{"line":216,"column":5}}],"line":212},"25":{"loc":{"start":{"line":222,"column":19},"end":{"line":222,"column":39}},"type":"binary-expr","locations":[{"start":{"line":222,"column":19},"end":{"line":222,"column":31}},{"start":{"line":222,"column":35},"end":{"line":222,"column":39}}],"line":222},"26":{"loc":{"start":{"line":223,"column":22},"end":{"line":223,"column":77}},"type":"binary-expr","locations":[{"start":{"line":223,"column":22},"end":{"line":223,"column":69}},{"start":{"line":223,"column":73},"end":{"line":223,"column":77}}],"line":223},"27":{"loc":{"start":{"line":229,"column":4},"end":{"line":231,"column":5}},"type":"if","locations":[{"start":{"line":229,"column":4},"end":{"line":231,"column":5}},{"start":{"line":229,"column":4},"end":{"line":231,"column":5}}],"line":229},"28":{"loc":{"start":{"line":232,"column":11},"end":{"line":232,"column":65}},"type":"cond-expr","locations":[{"start":{"line":232,"column":20},"end":{"line":232,"column":55}},{"start":{"line":232,"column":58},"end":{"line":232,"column":65}}],"line":232}},"s":{"0":1,"1":1,"2":1,"3":1,"4":1,"5":1,"6":1,"7":1,"8":1,"9":1,"10":10,"11":10,"12":10,"13":10,"14":10,"15":10,"16":10,"17":1,"18":1,"19":10,"20":10,"21":10,"22":10,"23":1,"24":1,"25":1,"26":1,"27":2,"28":2,"29":1,"30":1,"31":4,"32":2,"33":2,"34":2,"35":2,"36":4,"37":10,"38":90,"39":90,"40":13,"41":13,"42":13,"43":13,"44":2,"45":11,"46":13,"47":13,"48":9,"49":13,"50":13,"51":90,"52":10,"53":0,"54":0,"55":10,"56":10,"57":10,"58":10,"59":10,"60":10,"61":10,"62":10,"63":10,"64":13,"65":10,"66":0,"67":0,"68":0,"69":10,"70":0,"71":0,"72":0,"73":0,"74":3,"75":3,"76":1,"77":2,"78":1},"f":{"0":10,"1":10,"2":10,"3":1,"4":1,"5":1,"6":2,"7":1,"8":4,"9":90,"10":13,"11":10,"12":0,"13":3},"b":{"0":[0,1],"1":[1,1],"2":[0,1],"3":[1,1],"4":[0,1],"5":[1,1],"6":[0],"7":[10],"8":[10,0],"9":[10,0],"10":[1,1],"11":[2,0],"12":[2,2,2],"13":[2,2],"14":[1,1],"15":[13,0],"16":[13,13,13],"17":[2,11],"18":[9,4],"19":[13,9],"20":[10,10],"21":[10,0],"22":[10,0],"23":[10,0],"24":[0,10],"25":[0,0],"26":[0,0],"27":[1,2],"28":[1,1]},"_coverageSchema":"1a1c01bbd47fc00a2c39e90264f33305004495a9","hash":"3fa0c5bb357206b0fcca66e371dc280a8f55dc49"}
,"/var/lib/docker/projectshome/nlp.js/packages/builtin-compromise/src/index.js": {"path":"/var/lib/docker/projectshome/nlp.js/packages/builtin-compromise/src/index.js","statementMap":{"0":{"start":{"line":24,"column":26},"end":{"line":24,"column":57}},"1":{"start":{"line":26,"column":0},"end":{"line":28,"column":2}}},"fnMap":{},"branchMap":{},"s":{"0":1,"1":1},"f":{},"b":{},"_coverageSchema":"1a1c01bbd47fc00a2c39e90264f33305004495a9","hash":"6e1c222797d6eb00968e28e1bd044805022093b5"}
}
