TN:
SF:src/builtin-compromise.js
FN:62,(anonymous_0)
FN:81,(anonymous_1)
FN:85,(anonymous_2)
FN:86,getDomainFromUrl
FN:104,(anonymous_4)
FN:111,(anonymous_5)
FN:118,(anonymous_6)
FN:126,(anonymous_7)
FN:133,(anonymous_8)
FN:154,(anonymous_9)
FN:157,(anonymous_10)
FN:195,(anonymous_11)
FN:220,(anonymous_12)
FN:227,(anonymous_13)
FNF:14
FNH:13
FNDA:10,(anonymous_0)
FNDA:10,(anonymous_1)
FNDA:10,(anonymous_2)
FNDA:1,getDomainFromUrl
FNDA:1,(anonymous_4)
FNDA:1,(anonymous_5)
FNDA:2,(anonymous_6)
FNDA:1,(anonymous_7)
FNDA:4,(anonymous_8)
FNDA:90,(anonymous_9)
FNDA:13,(anonymous_10)
FNDA:10,(anonymous_11)
FNDA:0,(anonymous_12)
FNDA:3,(anonymous_13)
DA:24,1
DA:27,1
DA:28,1
DA:29,1
DA:30,1
DA:31,1
DA:32,1
DA:33,1
DA:34,1
DA:37,1
DA:63,10
DA:70,10
DA:71,10
DA:72,10
DA:74,10
DA:75,10
DA:82,10
DA:88,1
DA:89,1
DA:93,10
DA:94,10
DA:95,10
DA:96,10
DA:105,1
DA:106,1
DA:112,1
DA:113,1
DA:119,2
DA:121,2
DA:127,1
DA:128,1
DA:135,4
DA:136,2
DA:140,2
DA:142,2
DA:147,2
DA:149,4
DA:154,10
DA:155,90
DA:157,90
DA:158,13
DA:159,13
DA:160,13
DA:168,13
DA:169,2
DA:171,11
DA:173,13
DA:176,13
DA:180,9
DA:182,13
DA:184,13
DA:186,90
DA:188,10
DA:190,0
DA:191,0
DA:196,10
DA:197,10
DA:201,10
DA:202,10
DA:204,10
DA:205,10
DA:207,10
DA:208,10
DA:209,13
DA:212,10
DA:213,0
DA:214,0
DA:217,10
DA:221,0
DA:222,0
DA:223,0
DA:224,0
DA:228,3
DA:229,3
DA:230,1
DA:232,2
DA:236,1
LF:77
LH:69
BRDA:30,0,0,0
BRDA:30,0,1,1
BRDA:30,1,0,1
BRDA:30,1,1,1
BRDA:31,2,0,0
BRDA:31,2,1,1
BRDA:31,3,0,1
BRDA:31,3,1,1
BRDA:32,4,0,0
BRDA:32,4,1,1
BRDA:32,5,0,1
BRDA:32,5,1,1
BRDA:62,6,0,0
BRDA:62,7,0,10
BRDA:66,8,0,10
BRDA:66,8,1,0
BRDA:71,9,0,10
BRDA:71,9,1,0
BRDA:89,10,0,1
BRDA:89,10,1,1
BRDA:120,11,0,2
BRDA:120,11,1,0
BRDA:120,12,0,2
BRDA:120,12,1,2
BRDA:120,12,2,2
BRDA:135,13,0,2
BRDA:135,13,1,2
BRDA:145,14,0,1
BRDA:145,14,1,1
BRDA:158,15,0,13
BRDA:158,15,1,0
BRDA:158,16,0,13
BRDA:158,16,1,13
BRDA:158,16,2,13
BRDA:168,17,0,2
BRDA:168,17,1,11
BRDA:176,18,0,9
BRDA:176,18,1,4
BRDA:177,19,0,13
BRDA:177,19,1,9
BRDA:198,20,0,10
BRDA:198,20,1,10
BRDA:201,21,0,10
BRDA:201,21,1,0
BRDA:204,22,0,10
BRDA:204,22,1,0
BRDA:207,23,0,10
BRDA:207,23,1,0
BRDA:212,24,0,0
BRDA:212,24,1,10
BRDA:222,25,0,0
BRDA:222,25,1,0
BRDA:223,26,0,0
BRDA:223,26,1,0
BRDA:229,27,0,1
BRDA:229,27,1,2
BRDA:232,28,0,1
BRDA:232,28,1,1
BRF:58
BRH:42
end_of_record
TN:
SF:src/index.js
FNF:0
FNH:0
DA:24,1
DA:26,1
LF:2
LH:2
BRF:0
BRH:0
end_of_record
